<?xml version="1.0" encoding="UTF-8"?>
<!-- Generated by org.testng.reporters.JUnitXMLReporter -->
<testsuite ignored="1" hostname="dell-Latitude-3510" failures="0" tests="1" name="Default test" time="7.926" errors="0" timestamp="13 Mar 2024 06:25:48 GMT">
  <testcase classname="chandanachaitanyaPackage.Action" name="TC7_1" time="4.276"/>
  <testcase classname="chandanachaitanyaPackage.Action" name="TC7_2" time="0.0">
    <ignored/>
  </testcase> <!-- TC7_2 -->
</testsuite> <!-- Default test -->
