<?xml version="1.0" encoding="UTF-8"?>
<!-- Generated by org.testng.reporters.JUnitXMLReporter -->
<testsuite ignored="0" hostname="dell-Latitude-3510" failures="0" tests="17" name="Test" time="80.88" errors="0" timestamp="12 Mar 2024 18:17:40 GMT">
  <testcase classname="chandanachaitanyaPackage.Listfield" name="TC3_1" time="1.086"/>
  <testcase classname="chandanachaitanyaPackage.Listfield" name="TC3_2" time="1.114"/>
  <testcase classname="chandanachaitanyaPackage.Listfield" name="TC3_3" time="0.123"/>
  <testcase classname="chandanachaitanyaPackage.Listfield" name="TC3_4" time="0.136"/>
  <testcase classname="chandanachaitanyaPackage.Listfield" name="TC3_5" time="0.15"/>
  <testcase classname="chandanachaitanyaPackage.Listfield" name="TC3_6" time="0.108"/>
  <testcase classname="chandanachaitanyaPackage.Checkbox" name="TC1_1" time="0.105"/>
  <testcase classname="chandanachaitanyaPackage.Checkbox" name="TC1_3" time="0.063"/>
  <testcase classname="chandanachaitanyaPackage.Checkbox" name="TC1_4" time="0.066"/>
  <testcase classname="chandanachaitanyaPackage.Checkbox" name="TC1_5" time="0.064"/>
  <testcase classname="chandanachaitanyaPackage.Checkbox" name="TC1_6" time="0.108"/>
  <testcase classname="chandanachaitanyaPackage.Checkbox" name="TC1_7" time="0.067"/>
  <testcase classname="chandanachaitanyaPackage.MultiSelect" name="TC4_1" time="7.823"/>
  <testcase classname="chandanachaitanyaPackage.MultiSelect" name="TC4_2" time="8.9"/>
  <testcase classname="chandanachaitanyaPackage.RadioButton" name="TC2_1" time="1.084"/>
  <testcase classname="chandanachaitanyaPackage.RadioButton" name="TC2_2" time="1.075"/>
  <testcase classname="chandanachaitanyaPackage.RadioButton" name="TC2_3" time="1.094"/>
</testsuite> <!-- Test -->
