<?xml version="1.0" encoding="UTF-8"?>
<!-- Generated by org.testng.reporters.JUnitXMLReporter -->
<testsuite ignored="0" hostname="dell-Latitude-3510" failures="1" tests="21" name="12MarchTest" time="102.939" errors="0" timestamp="13 Mar 2024 04:56:28 GMT">
  <testcase classname="chandanachaitanyaPackage.Checkbox" name="TC1_1" time="0.12"/>
  <testcase classname="chandanachaitanyaPackage.Checkbox" name="TC1_2" time="0.1"/>
  <testcase classname="chandanachaitanyaPackage.Checkbox" name="TC1_3" time="0.08"/>
  <testcase classname="chandanachaitanyaPackage.Checkbox" name="TC1_4" time="0.101"/>
  <testcase classname="chandanachaitanyaPackage.Checkbox" name="TC1_5" time="0.137"/>
  <testcase classname="chandanachaitanyaPackage.Checkbox" name="TC1_6" time="0.105"/>
  <testcase classname="chandanachaitanyaPackage.Checkbox" name="TC1_7" time="0.084">
    <failure type="java.lang.AssertionError" message="expected [true] but found [false]">
      <![CDATA[java.lang.AssertionError: expected [true] but found [false]
at chandanachaitanyaPackage.Checkbox.TC1_7(Checkbox.java:56)
... Removed 29 stack frames]]>
    </failure>
  </testcase> <!-- TC1_7 -->
  <testcase classname="chandanachaitanyaPackage.RadioButton" name="TC2_1" time="1.063"/>
  <testcase classname="chandanachaitanyaPackage.RadioButton" name="TC2_2" time="1.102"/>
  <testcase classname="chandanachaitanyaPackage.RadioButton" name="TC2_3" time="1.139"/>
  <testcase classname="chandanachaitanyaPackage.Listfield" name="TC3_1" time="1.076"/>
  <testcase classname="chandanachaitanyaPackage.Listfield" name="TC3_2" time="1.093"/>
  <testcase classname="chandanachaitanyaPackage.Listfield" name="TC3_3" time="0.105"/>
  <testcase classname="chandanachaitanyaPackage.Listfield" name="TC3_4" time="0.1"/>
  <testcase classname="chandanachaitanyaPackage.Listfield" name="TC3_5" time="0.109"/>
  <testcase classname="chandanachaitanyaPackage.Listfield" name="TC3_6" time="0.225"/>
  <testcase classname="chandanachaitanyaPackage.MultiSelect" name="TC4_1" time="7.815"/>
  <testcase classname="chandanachaitanyaPackage.MultiSelect" name="TC4_2" time="8.871"/>
  <testcase classname="chandanachaitanyaPackage.Alert" name="TC5_1" time="1.073"/>
  <testcase classname="chandanachaitanyaPackage.Textfield" name="TC6_1" time="1.101"/>
  <testcase classname="chandanachaitanyaPackage.Action" name="TC7_1" time="4.289"/>
</testsuite> <!-- 12MarchTest -->
