<?xml version="1.0" encoding="UTF-8"?>
<testng-results ignored="1" total="2" passed="1" failed="0" skipped="0">
  <reporter-output>
  </reporter-output>
  <suite started-at="2024-03-13T06:25:40Z" name="Default suite" finished-at="2024-03-13T06:25:47Z" duration-ms="7926">
    <groups>
      <group name="Action">
        <method signature="Action.TC7_1()[pri:1, instance:chandanachaitanyaPackage.Action@17d88132]" name="TC7_1" class="chandanachaitanyaPackage.Action"/>
      </group> <!-- Action -->
    </groups>
    <test started-at="2024-03-13T06:25:40Z" name="Default test" finished-at="2024-03-13T06:25:47Z" duration-ms="7926">
      <class name="chandanachaitanyaPackage.Action">
        <test-method is-config="true" signature="Beforemethod()[pri:0, instance:chandanachaitanyaPackage.Action@17d88132]" started-at="2024-03-13T06:25:40Z" name="Beforemethod" finished-at="2024-03-13T06:25:43Z" duration-ms="3304" status="PASS">
          <reporter-output>
          </reporter-output>
        </test-method> <!-- Beforemethod -->
        <test-method signature="TC7_1()[pri:1, instance:chandanachaitanyaPackage.Action@17d88132]" started-at="2024-03-13T06:25:43Z" name="TC7_1" finished-at="2024-03-13T06:25:47Z" duration-ms="4276" status="PASS">
          <reporter-output>
          </reporter-output>
        </test-method> <!-- TC7_1 -->
        <test-method is-config="true" signature="aftermethod()[pri:0, instance:chandanachaitanyaPackage.Action@17d88132]" started-at="2024-03-13T06:25:47Z" name="aftermethod" finished-at="2024-03-13T06:25:47Z" duration-ms="332" status="PASS">
          <reporter-output>
          </reporter-output>
        </test-method> <!-- aftermethod -->
      </class> <!-- chandanachaitanyaPackage.Action -->
    </test> <!-- Default test -->
  </suite> <!-- Default suite -->
</testng-results>
